<?xml version="1.0" encoding="UTF-8"?>
<!-- Generated by org.testng.reporters.JUnitXMLReporter -->
<testsuite ignored="0" hostname="QA-1" failures="0" tests="3" name="Test" time="8.691" errors="0" timestamp="2022-01-24T16:53:13 GST">
  <testcase classname="test.errorValidation" name="restAssuredGET_test_method" time="3.874"/>
  <testcase classname="test.programTypeValidation" name="restAssuredGET_test_method" time="3.097"/>
  <testcase classname="test.dataTypeValidation" name="restAssuredGET_test_method" time="1.671"/>
</testsuite> <!-- Test -->
