<?xml version="1.0" encoding="UTF-8"?>
<testng-results ignored="0" total="3" passed="3" failed="0" skipped="0">
  <reporter-output>
  </reporter-output>
  <suite started-at="2022-01-24T16:53:05 GST" name="Suite" finished-at="2022-01-24T16:53:13 GST" duration-ms="8691">
    <groups>
    </groups>
    <test started-at="2022-01-24T16:53:05 GST" name="Test" finished-at="2022-01-24T16:53:13 GST" duration-ms="8691">
      <class name="test.dataTypeValidation">
        <test-method signature="restAssuredGET_test_method()[pri:0, instance:test.dataTypeValidation@1a18644]" started-at="2022-01-24T16:53:12 GST" name="restAssuredGET_test_method" finished-at="2022-01-24T16:53:13 GST" duration-ms="1671" status="PASS">
          <reporter-output>
          </reporter-output>
        </test-method> <!-- restAssuredGET_test_method -->
      </class> <!-- test.dataTypeValidation -->
      <class name="test.programTypeValidation">
        <test-method signature="restAssuredGET_test_method()[pri:0, instance:test.programTypeValidation@a530d0a]" started-at="2022-01-24T16:53:08 GST" name="restAssuredGET_test_method" finished-at="2022-01-24T16:53:12 GST" duration-ms="3097" status="PASS">
          <reporter-output>
          </reporter-output>
        </test-method> <!-- restAssuredGET_test_method -->
      </class> <!-- test.programTypeValidation -->
      <class name="test.errorValidation">
        <test-method signature="restAssuredGET_test_method()[pri:0, instance:test.errorValidation@47faa49c]" started-at="2022-01-24T16:53:05 GST" name="restAssuredGET_test_method" finished-at="2022-01-24T16:53:08 GST" duration-ms="3874" status="PASS">
          <reporter-output>
          </reporter-output>
        </test-method> <!-- restAssuredGET_test_method -->
      </class> <!-- test.errorValidation -->
    </test> <!-- Test -->
  </suite> <!-- Suite -->
</testng-results>
